[0.259s] Invoking command in '/home/saykabot/AkilliMekatronikSistemler/ros2-ROV/rovws/build/cpp_pkg': CMAKE_PREFIX_PATH=${CMAKE_PREFIX_PATH}:/home/saykabot/ros2ws/install/selfpypkg:/home/saykabot/ros2ws/install/my_py_pkg:/opt/ros/humble /usr/bin/cmake /home/saykabot/AkilliMekatronikSistemler/ros2-ROV/rovws/src/cpp_pkg -DCMAKE_INSTALL_PREFIX=/home/saykabot/AkilliMekatronikSistemler/ros2-ROV/rovws/install/cpp_pkg
[3.407s] -- The C compiler identification is GNU 11.4.0
[6.419s] -- The CXX compiler identification is GNU 11.4.0
[6.585s] -- Detecting C compiler ABI info
[6.915s] -- Detecting C compiler ABI info - done
[6.931s] -- Check for working C compiler: /usr/bin/cc - skipped
[6.955s] -- Detecting C compile features
[6.970s] -- Detecting C compile features - done
[7.031s] -- Detecting CXX compiler ABI info
[7.274s] -- Detecting CXX compiler ABI info - done
[7.286s] -- Check for working CXX compiler: /usr/bin/c++ - skipped
[7.286s] -- Detecting CXX compile features
[7.287s] -- Detecting CXX compile features - done
[7.366s] -- Found ament_cmake: 1.3.8 (/opt/ros/humble/share/ament_cmake/cmake)
[7.746s] -- Found Python3: /usr/bin/python3 (found version "3.10.12") found components: Interpreter 
[8.187s] -- Found rclcpp: 16.0.8 (/opt/ros/humble/share/rclcpp/cmake)
[8.627s] -- Found rosidl_generator_c: 3.1.5 (/opt/ros/humble/share/rosidl_generator_c/cmake)
[8.651s] -- Found rosidl_adapter: 3.1.5 (/opt/ros/humble/share/rosidl_adapter/cmake)
[8.722s] -- Found rosidl_generator_cpp: 3.1.5 (/opt/ros/humble/share/rosidl_generator_cpp/cmake)
[8.817s] -- Using all available rosidl_typesupport_c: rosidl_typesupport_fastrtps_c;rosidl_typesupport_introspection_c
[8.874s] -- Using all available rosidl_typesupport_cpp: rosidl_typesupport_fastrtps_cpp;rosidl_typesupport_introspection_cpp
[9.183s] -- Found rmw_implementation_cmake: 6.1.1 (/opt/ros/humble/share/rmw_implementation_cmake/cmake)
[9.208s] -- Found rmw_fastrtps_cpp: 6.2.6 (/opt/ros/humble/share/rmw_fastrtps_cpp/cmake)
[9.567s] -- Found OpenSSL: /usr/lib/x86_64-linux-gnu/libcrypto.so (found version "3.0.2")  
[9.647s] -- Found FastRTPS: /opt/ros/humble/include  
[9.718s] -- Using RMW implementation 'rmw_fastrtps_cpp' as default
[9.838s] -- Looking for pthread.h
[10.081s] -- Looking for pthread.h - found
[10.082s] -- Performing Test CMAKE_HAVE_LIBC_PTHREAD
[10.193s] -- Performing Test CMAKE_HAVE_LIBC_PTHREAD - Success
[10.194s] -- Found Threads: TRUE  
[10.629s] -- Configuring done
[10.632s] [33mCMake Warning (dev) at CMakeLists.txt:12 (add_executable):
[10.632s]   Policy CMP0115 is not set: Source file extensions must be explicit.  Run
[10.632s]   "cmake --help-policy CMP0115" for policy details.  Use the cmake_policy
[10.632s]   command to set the policy and suppress this warning.
[10.632s] 
[10.632s]   File:
[10.633s] 
[10.633s]     /home/saykabot/AkilliMekatronikSistemler/ros2-ROV/rovws/src/cpp_pkg/src/cppnode.cpp
[10.633s] This warning is for project developers.  Use -Wno-dev to suppress it.
[10.633s] [0m
[10.638s] -- Generating done
[10.640s] -- Build files have been written to: /home/saykabot/AkilliMekatronikSistemler/ros2-ROV/rovws/build/cpp_pkg
[10.650s] Invoked command in '/home/saykabot/AkilliMekatronikSistemler/ros2-ROV/rovws/build/cpp_pkg' returned '0': CMAKE_PREFIX_PATH=${CMAKE_PREFIX_PATH}:/home/saykabot/ros2ws/install/selfpypkg:/home/saykabot/ros2ws/install/my_py_pkg:/opt/ros/humble /usr/bin/cmake /home/saykabot/AkilliMekatronikSistemler/ros2-ROV/rovws/src/cpp_pkg -DCMAKE_INSTALL_PREFIX=/home/saykabot/AkilliMekatronikSistemler/ros2-ROV/rovws/install/cpp_pkg
[10.652s] Invoking command in '/home/saykabot/AkilliMekatronikSistemler/ros2-ROV/rovws/build/cpp_pkg': CMAKE_PREFIX_PATH=${CMAKE_PREFIX_PATH}:/home/saykabot/ros2ws/install/selfpypkg:/home/saykabot/ros2ws/install/my_py_pkg:/opt/ros/humble /usr/bin/cmake --build /home/saykabot/AkilliMekatronikSistemler/ros2-ROV/rovws/build/cpp_pkg -- -j8 -l8
[10.700s] [ 50%] [32mBuilding CXX object CMakeFiles/cppnode.dir/src/cppnode.cpp.o[0m
[17.421s] [01m[K/home/saykabot/AkilliMekatronikSistemler/ros2-ROV/rovws/src/cpp_pkg/src/cppnode.cpp:6:5:[m[K [01;31m[Kerror: [m[KISO C++ forbids declaration of â€˜[01m[KMyCustomNode[m[Kâ€™ with no type [[01;31m[K]8;;https://gcc.gnu.org/onlinedocs/gcc/Warning-Options.html#index-fpermissive-fpermissive]8;;[m[K]
[17.421s]     6 |     [01;31m[KMyCustomNode[m[K() : Node("cppnode") // Node name modifying
[17.421s]       |     [01;31m[K^~~~~~~~~~~~[m[K
[17.421s] [01m[K/home/saykabot/AkilliMekatronikSistemler/ros2-ROV/rovws/src/cpp_pkg/src/cppnode.cpp:[m[K In member function â€˜[01m[Kint CppNode::MyCustomNode()[m[Kâ€™:
[17.421s] [01m[K/home/saykabot/AkilliMekatronikSistemler/ros2-ROV/rovws/src/cpp_pkg/src/cppnode.cpp:6:22:[m[K [01;31m[Kerror: [m[Konly constructors take member initializers
[17.421s]     6 |     MyCustomNode() : [01;31m[KNode[m[K("cppnode") // Node name modifying
[17.421s]       |                      [01;31m[K^~~~[m[K
[17.421s] [01m[K/home/saykabot/AkilliMekatronikSistemler/ros2-ROV/rovws/src/cpp_pkg/src/cppnode.cpp:8:5:[m[K [01;35m[Kwarning: [m[Kno return statement in function returning non-void [[01;35m[K]8;;https://gcc.gnu.org/onlinedocs/gcc/Warning-Options.html#index-Wreturn-type-Wreturn-type]8;;[m[K]
[17.422s]     8 |     [01;35m[K}[m[K
[17.422s]       |     [01;35m[K^[m[K
[17.830s] In file included from [01m[K/usr/include/x86_64-linux-gnu/c++/11/bits/c++allocator.h:33[m[K,
[17.831s]                  from [01m[K/usr/include/c++/11/bits/allocator.h:46[m[K,
[17.831s]                  from [01m[K/usr/include/c++/11/memory:64[m[K,
[17.831s]                  from [01m[K/opt/ros/humble/include/rclcpp/rclcpp/rclcpp.hpp:153[m[K,
[17.831s]                  from [01m[K/home/saykabot/AkilliMekatronikSistemler/ros2-ROV/rovws/src/cpp_pkg/src/cppnode.cpp:1[m[K:
[17.831s] /usr/include/c++/11/ext/new_allocator.h: In instantiation of â€˜[01m[Kvoid __gnu_cxx::new_allocator<_Tp>::construct(_Up*, _Args&& ...) [with _Up = CppNode; _Args = {}; _Tp = CppNode][m[Kâ€™:
[17.831s] [01m[K/usr/include/c++/11/bits/alloc_traits.h:516:17:[m[K   required from â€˜[01m[Kstatic void std::allocator_traits<std::allocator<_Tp1> >::construct(std::allocator_traits<std::allocator<_Tp1> >::allocator_type&, _Up*, _Args&& ...) [with _Up = CppNode; _Args = {}; _Tp = CppNode; std::allocator_traits<std::allocator<_Tp1> >::allocator_type = std::allocator<CppNode>][m[Kâ€™
[17.831s] [01m[K/usr/include/c++/11/bits/shared_ptr_base.h:519:39:[m[K   required from â€˜[01m[Kstd::_Sp_counted_ptr_inplace<_Tp, _Alloc, _Lp>::_Sp_counted_ptr_inplace(_Alloc, _Args&& ...) [with _Args = {}; _Tp = CppNode; _Alloc = std::allocator<CppNode>; __gnu_cxx::_Lock_policy _Lp = __gnu_cxx::_S_atomic][m[Kâ€™
[17.831s] [01m[K/usr/include/c++/11/bits/shared_ptr_base.h:650:16:[m[K   required from â€˜[01m[Kstd::__shared_count<_Lp>::__shared_count(_Tp*&, std::_Sp_alloc_shared_tag<_Alloc>, _Args&& ...) [with _Tp = CppNode; _Alloc = std::allocator<CppNode>; _Args = {}; __gnu_cxx::_Lock_policy _Lp = __gnu_cxx::_S_atomic][m[Kâ€™
[17.831s] [01m[K/usr/include/c++/11/bits/shared_ptr_base.h:1342:14:[m[K   required from â€˜[01m[Kstd::__shared_ptr<_Tp, _Lp>::__shared_ptr(std::_Sp_alloc_shared_tag<_Tp>, _Args&& ...) [with _Alloc = std::allocator<CppNode>; _Args = {}; _Tp = CppNode; __gnu_cxx::_Lock_policy _Lp = __gnu_cxx::_S_atomic][m[Kâ€™
[17.831s] [01m[K/usr/include/c++/11/bits/shared_ptr.h:409:59:[m[K   required from â€˜[01m[Kstd::shared_ptr<_Tp>::shared_ptr(std::_Sp_alloc_shared_tag<_Tp>, _Args&& ...) [with _Alloc = std::allocator<CppNode>; _Args = {}; _Tp = CppNode][m[Kâ€™
[17.831s] [01m[K/usr/include/c++/11/bits/shared_ptr.h:862:14:[m[K   required from â€˜[01m[Kstd::shared_ptr<_Tp> std::allocate_shared(const _Alloc&, _Args&& ...) [with _Tp = CppNode; _Alloc = std::allocator<CppNode>; _Args = {}][m[Kâ€™
[17.831s] [01m[K/usr/include/c++/11/bits/shared_ptr.h:878:39:[m[K   required from â€˜[01m[Kstd::shared_ptr<_Tp> std::make_shared(_Args&& ...) [with _Tp = CppNode; _Args = {}][m[Kâ€™
[17.831s] [01m[K/home/saykabot/AkilliMekatronikSistemler/ros2-ROV/rovws/src/cpp_pkg/src/cppnode.cpp:16:42:[m[K   required from here
[17.831s] [01m[K/usr/include/c++/11/ext/new_allocator.h:162:11:[m[K [01;31m[Kerror: [m[Kuse of deleted function â€˜[01m[KCppNode::CppNode()[m[Kâ€™
[17.831s]   162 |         { [01;31m[K::new((void *)__p) _Up(std::forward<_Args>(__args)...)[m[K; }
[17.831s]       |           [01;31m[K^~~~~~~~~~~~~~~~~~~~~~~~~~~~~~~~~~~~~~~~~~~~~~~~~~~~~~[m[K
[17.832s] [01m[K/home/saykabot/AkilliMekatronikSistemler/ros2-ROV/rovws/src/cpp_pkg/src/cppnode.cpp:3:7:[m[K [01;36m[Knote: [m[Kâ€˜[01m[KCppNode::CppNode()[m[Kâ€™ is implicitly deleted because the default definition would be ill-formed:
[17.832s]     3 | class [01;36m[KCppNode[m[K : public rclcpp::Node // Class Decleration
[17.832s]       |       [01;36m[K^~~~~~~[m[K
[17.832s] [01m[K/home/saykabot/AkilliMekatronikSistemler/ros2-ROV/rovws/src/cpp_pkg/src/cppnode.cpp:3:7:[m[K [01;31m[Kerror: [m[Kno matching function for call to â€˜[01m[Krclcpp::Node::Node()[m[Kâ€™
[17.832s] In file included from [01m[K/opt/ros/humble/include/rclcpp/rclcpp/executors/single_threaded_executor.hpp:28[m[K,
[17.832s]                  from [01m[K/opt/ros/humble/include/rclcpp/rclcpp/executors.hpp:22[m[K,
[17.832s]                  from [01m[K/opt/ros/humble/include/rclcpp/rclcpp/rclcpp.hpp:155[m[K,
[17.832s]                  from [01m[K/home/saykabot/AkilliMekatronikSistemler/ros2-ROV/rovws/src/cpp_pkg/src/cppnode.cpp:1[m[K:
[17.832s] [01m[K/opt/ros/humble/include/rclcpp/rclcpp/node.hpp:1294:3:[m[K [01;36m[Knote: [m[Kcandidate: â€˜[01m[Krclcpp::Node::Node(const rclcpp::Node&, const string&)[m[Kâ€™
[17.832s]  1294 |   [01;36m[KNode[m[K(
[17.832s]       |   [01;36m[K^~~~[m[K
[17.861s] [01m[K/opt/ros/humble/include/rclcpp/rclcpp/node.hpp:1294:3:[m[K [01;36m[Knote: [m[K  candidate expects 2 arguments, 0 provided
[17.862s] [01m[K/opt/ros/humble/include/rclcpp/rclcpp/node.hpp:101:12:[m[K [01;36m[Knote: [m[Kcandidate: â€˜[01m[Krclcpp::Node::Node(const string&, const string&, const rclcpp::NodeOptions&)[m[Kâ€™
[17.862s]   101 |   explicit [01;36m[KNode[m[K(
[17.862s]       |            [01;36m[K^~~~[m[K
[17.862s] [01m[K/opt/ros/humble/include/rclcpp/rclcpp/node.hpp:101:12:[m[K [01;36m[Knote: [m[K  candidate expects 3 arguments, 0 provided
[17.862s] [01m[K/opt/ros/humble/include/rclcpp/rclcpp/node.hpp:89:12:[m[K [01;36m[Knote: [m[Kcandidate: â€˜[01m[Krclcpp::Node::Node(const string&, const rclcpp::NodeOptions&)[m[Kâ€™
[17.862s]    89 |   explicit [01;36m[KNode[m[K(
[17.862s]       |            [01;36m[K^~~~[m[K
[17.862s] [01m[K/opt/ros/humble/include/rclcpp/rclcpp/node.hpp:89:12:[m[K [01;36m[Knote: [m[K  candidate expects 2 arguments, 0 provided
[17.959s] gmake[2]: *** [CMakeFiles/cppnode.dir/build.make:76: CMakeFiles/cppnode.dir/src/cppnode.cpp.o] Error 1
[17.959s] gmake[1]: *** [CMakeFiles/Makefile2:137: CMakeFiles/cppnode.dir/all] Error 2
[17.960s] gmake: *** [Makefile:146: all] Error 2
[17.962s] Invoked command in '/home/saykabot/AkilliMekatronikSistemler/ros2-ROV/rovws/build/cpp_pkg' returned '2': CMAKE_PREFIX_PATH=${CMAKE_PREFIX_PATH}:/home/saykabot/ros2ws/install/selfpypkg:/home/saykabot/ros2ws/install/my_py_pkg:/opt/ros/humble /usr/bin/cmake --build /home/saykabot/AkilliMekatronikSistemler/ros2-ROV/rovws/build/cpp_pkg -- -j8 -l8
